
An error occurred while loading ./spec/models/book_spec.rb.
[31mFailure/Error: require File.expand_path('../../config/environment', __FILE__)[0m
[31m[0m
[31mSyntaxError:[0m
[31m  /home/ec2-user/environment/bookers2/config/environments/test.rb:42: syntax error, unexpected ':'[0m
[31m  ....active_support.deprecation = :[0m
[31m  ...                              ^[0m
[36m# /home/ec2-user/.rvm/gems/ruby-2.6.3/gems/bootsnap-1.7.5/lib/bootsnap/load_path_cache/core_ext/kernel_require.rb:23:in `require'[0m
[36m# /home/ec2-user/.rvm/gems/ruby-2.6.3/gems/bootsnap-1.7.5/lib/bootsnap/load_path_cache/core_ext/kernel_require.rb:23:in `block in require_with_bootsnap_lfi'[0m
[36m# /home/ec2-user/.rvm/gems/ruby-2.6.3/gems/bootsnap-1.7.5/lib/bootsnap/load_path_cache/loaded_features_index.rb:92:in `register'[0m
[36m# /home/ec2-user/.rvm/gems/ruby-2.6.3/gems/bootsnap-1.7.5/lib/bootsnap/load_path_cache/core_ext/kernel_require.rb:22:in `require_with_bootsnap_lfi'[0m
[36m# /home/ec2-user/.rvm/gems/ruby-2.6.3/gems/bootsnap-1.7.5/lib/bootsnap/load_path_cache/core_ext/kernel_require.rb:31:in `require'[0m
[36m# /home/ec2-user/.rvm/gems/ruby-2.6.3/gems/activesupport-5.2.6/lib/active_support/dependencies.rb:291:in `block in require'[0m
[36m# /home/ec2-user/.rvm/gems/ruby-2.6.3/gems/activesupport-5.2.6/lib/active_support/dependencies.rb:257:in `load_dependency'[0m
[36m# /home/ec2-user/.rvm/gems/ruby-2.6.3/gems/activesupport-5.2.6/lib/active_support/dependencies.rb:291:in `require'[0m
[36m# /home/ec2-user/.rvm/gems/ruby-2.6.3/gems/railties-5.2.6/lib/rails/engine.rb:608:in `block (2 levels) in <class:Engine>'[0m
[36m# /home/ec2-user/.rvm/gems/ruby-2.6.3/gems/railties-5.2.6/lib/rails/engine.rb:607:in `each'[0m
[36m# /home/ec2-user/.rvm/gems/ruby-2.6.3/gems/railties-5.2.6/lib/rails/engine.rb:607:in `block in <class:Engine>'[0m
[36m# /home/ec2-user/.rvm/gems/ruby-2.6.3/gems/railties-5.2.6/lib/rails/initializable.rb:32:in `instance_exec'[0m
[36m# /home/ec2-user/.rvm/gems/ruby-2.6.3/gems/railties-5.2.6/lib/rails/initializable.rb:32:in `run'[0m
[36m# /home/ec2-user/.rvm/gems/ruby-2.6.3/gems/railties-5.2.6/lib/rails/initializable.rb:61:in `block in run_initializers'[0m
[36m# /home/ec2-user/.rvm/gems/ruby-2.6.3/gems/railties-5.2.6/lib/rails/initializable.rb:50:in `each'[0m
[36m# /home/ec2-user/.rvm/gems/ruby-2.6.3/gems/railties-5.2.6/lib/rails/initializable.rb:50:in `tsort_each_child'[0m
[36m# /home/ec2-user/.rvm/gems/ruby-2.6.3/gems/railties-5.2.6/lib/rails/initializable.rb:60:in `run_initializers'[0m
[36m# /home/ec2-user/.rvm/gems/ruby-2.6.3/gems/railties-5.2.6/lib/rails/application.rb:361:in `initialize!'[0m
[36m# ./config/environment.rb:5:in `<top (required)>'[0m
[36m# ./spec/rails_helper.rb:4:in `require'[0m
[36m# ./spec/rails_helper.rb:4:in `<top (required)>'[0m
[36m# ./spec/models/book_spec.rb:1:in `require'[0m
[36m# ./spec/models/book_spec.rb:1:in `<top (required)>'[0m

An error occurred while loading ./spec/models/user_spec.rb.
[31mFailure/Error: require File.expand_path('../../config/environment', __FILE__)[0m
[31m[0m
[31mSyntaxError:[0m
[31m  /home/ec2-user/environment/bookers2/config/environments/test.rb:42: syntax error, unexpected ':'[0m
[31m  ....active_support.deprecation = :[0m
[31m  ...                              ^[0m
[36m# /home/ec2-user/.rvm/gems/ruby-2.6.3/gems/bootsnap-1.7.5/lib/bootsnap/load_path_cache/core_ext/kernel_require.rb:23:in `require'[0m
[36m# /home/ec2-user/.rvm/gems/ruby-2.6.3/gems/bootsnap-1.7.5/lib/bootsnap/load_path_cache/core_ext/kernel_require.rb:23:in `block in require_with_bootsnap_lfi'[0m
[36m# /home/ec2-user/.rvm/gems/ruby-2.6.3/gems/bootsnap-1.7.5/lib/bootsnap/load_path_cache/loaded_features_index.rb:92:in `register'[0m
[36m# /home/ec2-user/.rvm/gems/ruby-2.6.3/gems/bootsnap-1.7.5/lib/bootsnap/load_path_cache/core_ext/kernel_require.rb:22:in `require_with_bootsnap_lfi'[0m
[36m# /home/ec2-user/.rvm/gems/ruby-2.6.3/gems/bootsnap-1.7.5/lib/bootsnap/load_path_cache/core_ext/kernel_require.rb:31:in `require'[0m
[36m# /home/ec2-user/.rvm/gems/ruby-2.6.3/gems/activesupport-5.2.6/lib/active_support/dependencies.rb:291:in `block in require'[0m
[36m# /home/ec2-user/.rvm/gems/ruby-2.6.3/gems/activesupport-5.2.6/lib/active_support/dependencies.rb:257:in `load_dependency'[0m
[36m# /home/ec2-user/.rvm/gems/ruby-2.6.3/gems/activesupport-5.2.6/lib/active_support/dependencies.rb:291:in `require'[0m
[36m# /home/ec2-user/.rvm/gems/ruby-2.6.3/gems/railties-5.2.6/lib/rails/engine.rb:608:in `block (2 levels) in <class:Engine>'[0m
[36m# /home/ec2-user/.rvm/gems/ruby-2.6.3/gems/railties-5.2.6/lib/rails/engine.rb:607:in `each'[0m
[36m# /home/ec2-user/.rvm/gems/ruby-2.6.3/gems/railties-5.2.6/lib/rails/engine.rb:607:in `block in <class:Engine>'[0m
[36m# /home/ec2-user/.rvm/gems/ruby-2.6.3/gems/railties-5.2.6/lib/rails/initializable.rb:32:in `instance_exec'[0m
[36m# /home/ec2-user/.rvm/gems/ruby-2.6.3/gems/railties-5.2.6/lib/rails/initializable.rb:32:in `run'[0m
[36m# /home/ec2-user/.rvm/gems/ruby-2.6.3/gems/railties-5.2.6/lib/rails/initializable.rb:61:in `block in run_initializers'[0m
[36m# /home/ec2-user/.rvm/gems/ruby-2.6.3/gems/railties-5.2.6/lib/rails/initializable.rb:50:in `each'[0m
[36m# /home/ec2-user/.rvm/gems/ruby-2.6.3/gems/railties-5.2.6/lib/rails/initializable.rb:50:in `tsort_each_child'[0m
[36m# /home/ec2-user/.rvm/gems/ruby-2.6.3/gems/railties-5.2.6/lib/rails/initializable.rb:60:in `run_initializers'[0m
[36m# /home/ec2-user/.rvm/gems/ruby-2.6.3/gems/railties-5.2.6/lib/rails/application.rb:361:in `initialize!'[0m
[36m# ./config/environment.rb:5:in `<main>'[0m
[36m# /home/ec2-user/.rvm/gems/ruby-2.6.3/gems/bootsnap-1.7.5/lib/bootsnap/load_path_cache/core_ext/kernel_require.rb:23:in `require'[0m
[36m# /home/ec2-user/.rvm/gems/ruby-2.6.3/gems/bootsnap-1.7.5/lib/bootsnap/load_path_cache/core_ext/kernel_require.rb:23:in `block in require_with_bootsnap_lfi'[0m
[36m# /home/ec2-user/.rvm/gems/ruby-2.6.3/gems/bootsnap-1.7.5/lib/bootsnap/load_path_cache/loaded_features_index.rb:92:in `register'[0m
[36m# /home/ec2-user/.rvm/gems/ruby-2.6.3/gems/bootsnap-1.7.5/lib/bootsnap/load_path_cache/core_ext/kernel_require.rb:22:in `require_with_bootsnap_lfi'[0m
[36m# /home/ec2-user/.rvm/gems/ruby-2.6.3/gems/bootsnap-1.7.5/lib/bootsnap/load_path_cache/core_ext/kernel_require.rb:31:in `require'[0m
[36m# /home/ec2-user/.rvm/gems/ruby-2.6.3/gems/activesupport-5.2.6/lib/active_support/dependencies.rb:291:in `block in require'[0m
[36m# /home/ec2-user/.rvm/gems/ruby-2.6.3/gems/activesupport-5.2.6/lib/active_support/dependencies.rb:257:in `load_dependency'[0m
[36m# /home/ec2-user/.rvm/gems/ruby-2.6.3/gems/activesupport-5.2.6/lib/active_support/dependencies.rb:291:in `require'[0m
[36m# ./spec/rails_helper.rb:4:in `<main>'[0m
[36m# /home/ec2-user/.rvm/gems/ruby-2.6.3/gems/bootsnap-1.7.5/lib/bootsnap/load_path_cache/core_ext/kernel_require.rb:23:in `require'[0m
[36m# /home/ec2-user/.rvm/gems/ruby-2.6.3/gems/bootsnap-1.7.5/lib/bootsnap/load_path_cache/core_ext/kernel_require.rb:23:in `block in require_with_bootsnap_lfi'[0m
[36m# /home/ec2-user/.rvm/gems/ruby-2.6.3/gems/bootsnap-1.7.5/lib/bootsnap/load_path_cache/loaded_features_index.rb:92:in `register'[0m
[36m# /home/ec2-user/.rvm/gems/ruby-2.6.3/gems/bootsnap-1.7.5/lib/bootsnap/load_path_cache/core_ext/kernel_require.rb:22:in `require_with_bootsnap_lfi'[0m
[36m# /home/ec2-user/.rvm/gems/ruby-2.6.3/gems/bootsnap-1.7.5/lib/bootsnap/load_path_cache/core_ext/kernel_require.rb:31:in `require'[0m
[36m# /home/ec2-user/.rvm/gems/ruby-2.6.3/gems/activesupport-5.2.6/lib/active_support/dependencies.rb:291:in `block in require'[0m
[36m# /home/ec2-user/.rvm/gems/ruby-2.6.3/gems/activesupport-5.2.6/lib/active_support/dependencies.rb:257:in `load_dependency'[0m
[36m# /home/ec2-user/.rvm/gems/ruby-2.6.3/gems/activesupport-5.2.6/lib/active_support/dependencies.rb:291:in `require'[0m
[36m# ./spec/models/user_spec.rb:1:in `<main>'[0m
[36m# /home/ec2-user/.rvm/gems/ruby-2.6.3/gems/bootsnap-1.7.5/lib/bootsnap/load_path_cache/core_ext/kernel_require.rb:59:in `load'[0m
[36m# /home/ec2-user/.rvm/gems/ruby-2.6.3/gems/bootsnap-1.7.5/lib/bootsnap/load_path_cache/core_ext/kernel_require.rb:59:in `load'[0m
[36m# /home/ec2-user/.rvm/gems/ruby-2.6.3/gems/activesupport-5.2.6/lib/active_support/dependencies.rb:285:in `block in load'[0m
[36m# /home/ec2-user/.rvm/gems/ruby-2.6.3/gems/activesupport-5.2.6/lib/active_support/dependencies.rb:257:in `load_dependency'[0m
[36m# /home/ec2-user/.rvm/gems/ruby-2.6.3/gems/activesupport-5.2.6/lib/active_support/dependencies.rb:285:in `load'[0m

An error occurred while loading ./spec/system/01_before_login_spec.rb.
[31mFailure/Error: require File.expand_path('../../config/environment', __FILE__)[0m
[31m[0m
[31mSyntaxError:[0m
[31m  /home/ec2-user/environment/bookers2/config/environments/test.rb:42: syntax error, unexpected ':'[0m
[31m  ....active_support.deprecation = :[0m
[31m  ...                              ^[0m
[36m# /home/ec2-user/.rvm/gems/ruby-2.6.3/gems/bootsnap-1.7.5/lib/bootsnap/load_path_cache/core_ext/kernel_require.rb:23:in `require'[0m
[36m# /home/ec2-user/.rvm/gems/ruby-2.6.3/gems/bootsnap-1.7.5/lib/bootsnap/load_path_cache/core_ext/kernel_require.rb:23:in `block in require_with_bootsnap_lfi'[0m
[36m# /home/ec2-user/.rvm/gems/ruby-2.6.3/gems/bootsnap-1.7.5/lib/bootsnap/load_path_cache/loaded_features_index.rb:92:in `register'[0m
[36m# /home/ec2-user/.rvm/gems/ruby-2.6.3/gems/bootsnap-1.7.5/lib/bootsnap/load_path_cache/core_ext/kernel_require.rb:22:in `require_with_bootsnap_lfi'[0m
[36m# /home/ec2-user/.rvm/gems/ruby-2.6.3/gems/bootsnap-1.7.5/lib/bootsnap/load_path_cache/core_ext/kernel_require.rb:31:in `require'[0m
[36m# /home/ec2-user/.rvm/gems/ruby-2.6.3/gems/activesupport-5.2.6/lib/active_support/dependencies.rb:291:in `block in require'[0m
[36m# /home/ec2-user/.rvm/gems/ruby-2.6.3/gems/activesupport-5.2.6/lib/active_support/dependencies.rb:257:in `load_dependency'[0m
[36m# /home/ec2-user/.rvm/gems/ruby-2.6.3/gems/activesupport-5.2.6/lib/active_support/dependencies.rb:291:in `require'[0m
[36m# /home/ec2-user/.rvm/gems/ruby-2.6.3/gems/railties-5.2.6/lib/rails/engine.rb:608:in `block (2 levels) in <class:Engine>'[0m
[36m# /home/ec2-user/.rvm/gems/ruby-2.6.3/gems/railties-5.2.6/lib/rails/engine.rb:607:in `each'[0m
[36m# /home/ec2-user/.rvm/gems/ruby-2.6.3/gems/railties-5.2.6/lib/rails/engine.rb:607:in `block in <class:Engine>'[0m
[36m# /home/ec2-user/.rvm/gems/ruby-2.6.3/gems/railties-5.2.6/lib/rails/initializable.rb:32:in `instance_exec'[0m
[36m# /home/ec2-user/.rvm/gems/ruby-2.6.3/gems/railties-5.2.6/lib/rails/initializable.rb:32:in `run'[0m
[36m# /home/ec2-user/.rvm/gems/ruby-2.6.3/gems/railties-5.2.6/lib/rails/initializable.rb:61:in `block in run_initializers'[0m
[36m# /home/ec2-user/.rvm/gems/ruby-2.6.3/gems/railties-5.2.6/lib/rails/initializable.rb:50:in `each'[0m
[36m# /home/ec2-user/.rvm/gems/ruby-2.6.3/gems/railties-5.2.6/lib/rails/initializable.rb:50:in `tsort_each_child'[0m
[36m# /home/ec2-user/.rvm/gems/ruby-2.6.3/gems/railties-5.2.6/lib/rails/initializable.rb:60:in `run_initializers'[0m
[36m# /home/ec2-user/.rvm/gems/ruby-2.6.3/gems/railties-5.2.6/lib/rails/application.rb:361:in `initialize!'[0m
[36m# ./config/environment.rb:5:in `<main>'[0m
[36m# /home/ec2-user/.rvm/gems/ruby-2.6.3/gems/bootsnap-1.7.5/lib/bootsnap/load_path_cache/core_ext/kernel_require.rb:23:in `require'[0m
[36m# /home/ec2-user/.rvm/gems/ruby-2.6.3/gems/bootsnap-1.7.5/lib/bootsnap/load_path_cache/core_ext/kernel_require.rb:23:in `block in require_with_bootsnap_lfi'[0m
[36m# /home/ec2-user/.rvm/gems/ruby-2.6.3/gems/bootsnap-1.7.5/lib/bootsnap/load_path_cache/loaded_features_index.rb:92:in `register'[0m
[36m# /home/ec2-user/.rvm/gems/ruby-2.6.3/gems/bootsnap-1.7.5/lib/bootsnap/load_path_cache/core_ext/kernel_require.rb:22:in `require_with_bootsnap_lfi'[0m
[36m# /home/ec2-user/.rvm/gems/ruby-2.6.3/gems/bootsnap-1.7.5/lib/bootsnap/load_path_cache/core_ext/kernel_require.rb:31:in `require'[0m
[36m# /home/ec2-user/.rvm/gems/ruby-2.6.3/gems/activesupport-5.2.6/lib/active_support/dependencies.rb:291:in `block in require'[0m
[36m# /home/ec2-user/.rvm/gems/ruby-2.6.3/gems/activesupport-5.2.6/lib/active_support/dependencies.rb:257:in `load_dependency'[0m
[36m# /home/ec2-user/.rvm/gems/ruby-2.6.3/gems/activesupport-5.2.6/lib/active_support/dependencies.rb:291:in `require'[0m
[36m# ./spec/rails_helper.rb:4:in `<main>'[0m
[36m# /home/ec2-user/.rvm/gems/ruby-2.6.3/gems/bootsnap-1.7.5/lib/bootsnap/load_path_cache/core_ext/kernel_require.rb:23:in `require'[0m
[36m# /home/ec2-user/.rvm/gems/ruby-2.6.3/gems/bootsnap-1.7.5/lib/bootsnap/load_path_cache/core_ext/kernel_require.rb:23:in `block in require_with_bootsnap_lfi'[0m
[36m# /home/ec2-user/.rvm/gems/ruby-2.6.3/gems/bootsnap-1.7.5/lib/bootsnap/load_path_cache/loaded_features_index.rb:92:in `register'[0m
[36m# /home/ec2-user/.rvm/gems/ruby-2.6.3/gems/bootsnap-1.7.5/lib/bootsnap/load_path_cache/core_ext/kernel_require.rb:22:in `require_with_bootsnap_lfi'[0m
[36m# /home/ec2-user/.rvm/gems/ruby-2.6.3/gems/bootsnap-1.7.5/lib/bootsnap/load_path_cache/core_ext/kernel_require.rb:31:in `require'[0m
[36m# /home/ec2-user/.rvm/gems/ruby-2.6.3/gems/activesupport-5.2.6/lib/active_support/dependencies.rb:291:in `block in require'[0m
[36m# /home/ec2-user/.rvm/gems/ruby-2.6.3/gems/activesupport-5.2.6/lib/active_support/dependencies.rb:257:in `load_dependency'[0m
[36m# /home/ec2-user/.rvm/gems/ruby-2.6.3/gems/activesupport-5.2.6/lib/active_support/dependencies.rb:291:in `require'[0m
[36m# ./spec/system/01_before_login_spec.rb:1:in `<main>'[0m
[36m# /home/ec2-user/.rvm/gems/ruby-2.6.3/gems/bootsnap-1.7.5/lib/bootsnap/load_path_cache/core_ext/kernel_require.rb:59:in `load'[0m
[36m# /home/ec2-user/.rvm/gems/ruby-2.6.3/gems/bootsnap-1.7.5/lib/bootsnap/load_path_cache/core_ext/kernel_require.rb:59:in `load'[0m
[36m# /home/ec2-user/.rvm/gems/ruby-2.6.3/gems/activesupport-5.2.6/lib/active_support/dependencies.rb:285:in `block in load'[0m
[36m# /home/ec2-user/.rvm/gems/ruby-2.6.3/gems/activesupport-5.2.6/lib/active_support/dependencies.rb:257:in `load_dependency'[0m
[36m# /home/ec2-user/.rvm/gems/ruby-2.6.3/gems/activesupport-5.2.6/lib/active_support/dependencies.rb:285:in `load'[0m

An error occurred while loading ./spec/system/02_after_login_spec.rb.
[31mFailure/Error: require File.expand_path('../../config/environment', __FILE__)[0m
[31m[0m
[31mSyntaxError:[0m
[31m  /home/ec2-user/environment/bookers2/config/environments/test.rb:42: syntax error, unexpected ':'[0m
[31m  ....active_support.deprecation = :[0m
[31m  ...                              ^[0m
[36m# /home/ec2-user/.rvm/gems/ruby-2.6.3/gems/bootsnap-1.7.5/lib/bootsnap/load_path_cache/core_ext/kernel_require.rb:23:in `require'[0m
[36m# /home/ec2-user/.rvm/gems/ruby-2.6.3/gems/bootsnap-1.7.5/lib/bootsnap/load_path_cache/core_ext/kernel_require.rb:23:in `block in require_with_bootsnap_lfi'[0m
[36m# /home/ec2-user/.rvm/gems/ruby-2.6.3/gems/bootsnap-1.7.5/lib/bootsnap/load_path_cache/loaded_features_index.rb:92:in `register'[0m
[36m# /home/ec2-user/.rvm/gems/ruby-2.6.3/gems/bootsnap-1.7.5/lib/bootsnap/load_path_cache/core_ext/kernel_require.rb:22:in `require_with_bootsnap_lfi'[0m
[36m# /home/ec2-user/.rvm/gems/ruby-2.6.3/gems/bootsnap-1.7.5/lib/bootsnap/load_path_cache/core_ext/kernel_require.rb:31:in `require'[0m
[36m# /home/ec2-user/.rvm/gems/ruby-2.6.3/gems/activesupport-5.2.6/lib/active_support/dependencies.rb:291:in `block in require'[0m
[36m# /home/ec2-user/.rvm/gems/ruby-2.6.3/gems/activesupport-5.2.6/lib/active_support/dependencies.rb:257:in `load_dependency'[0m
[36m# /home/ec2-user/.rvm/gems/ruby-2.6.3/gems/activesupport-5.2.6/lib/active_support/dependencies.rb:291:in `require'[0m
[36m# /home/ec2-user/.rvm/gems/ruby-2.6.3/gems/railties-5.2.6/lib/rails/engine.rb:608:in `block (2 levels) in <class:Engine>'[0m
[36m# /home/ec2-user/.rvm/gems/ruby-2.6.3/gems/railties-5.2.6/lib/rails/engine.rb:607:in `each'[0m
[36m# /home/ec2-user/.rvm/gems/ruby-2.6.3/gems/railties-5.2.6/lib/rails/engine.rb:607:in `block in <class:Engine>'[0m
[36m# /home/ec2-user/.rvm/gems/ruby-2.6.3/gems/railties-5.2.6/lib/rails/initializable.rb:32:in `instance_exec'[0m
[36m# /home/ec2-user/.rvm/gems/ruby-2.6.3/gems/railties-5.2.6/lib/rails/initializable.rb:32:in `run'[0m
[36m# /home/ec2-user/.rvm/gems/ruby-2.6.3/gems/railties-5.2.6/lib/rails/initializable.rb:61:in `block in run_initializers'[0m
[36m# /home/ec2-user/.rvm/gems/ruby-2.6.3/gems/railties-5.2.6/lib/rails/initializable.rb:50:in `each'[0m
[36m# /home/ec2-user/.rvm/gems/ruby-2.6.3/gems/railties-5.2.6/lib/rails/initializable.rb:50:in `tsort_each_child'[0m
[36m# /home/ec2-user/.rvm/gems/ruby-2.6.3/gems/railties-5.2.6/lib/rails/initializable.rb:60:in `run_initializers'[0m
[36m# /home/ec2-user/.rvm/gems/ruby-2.6.3/gems/railties-5.2.6/lib/rails/application.rb:361:in `initialize!'[0m
[36m# ./config/environment.rb:5:in `<main>'[0m
[36m# /home/ec2-user/.rvm/gems/ruby-2.6.3/gems/bootsnap-1.7.5/lib/bootsnap/load_path_cache/core_ext/kernel_require.rb:23:in `require'[0m
[36m# /home/ec2-user/.rvm/gems/ruby-2.6.3/gems/bootsnap-1.7.5/lib/bootsnap/load_path_cache/core_ext/kernel_require.rb:23:in `block in require_with_bootsnap_lfi'[0m
[36m# /home/ec2-user/.rvm/gems/ruby-2.6.3/gems/bootsnap-1.7.5/lib/bootsnap/load_path_cache/loaded_features_index.rb:92:in `register'[0m
[36m# /home/ec2-user/.rvm/gems/ruby-2.6.3/gems/bootsnap-1.7.5/lib/bootsnap/load_path_cache/core_ext/kernel_require.rb:22:in `require_with_bootsnap_lfi'[0m
[36m# /home/ec2-user/.rvm/gems/ruby-2.6.3/gems/bootsnap-1.7.5/lib/bootsnap/load_path_cache/core_ext/kernel_require.rb:31:in `require'[0m
[36m# /home/ec2-user/.rvm/gems/ruby-2.6.3/gems/activesupport-5.2.6/lib/active_support/dependencies.rb:291:in `block in require'[0m
[36m# /home/ec2-user/.rvm/gems/ruby-2.6.3/gems/activesupport-5.2.6/lib/active_support/dependencies.rb:257:in `load_dependency'[0m
[36m# /home/ec2-user/.rvm/gems/ruby-2.6.3/gems/activesupport-5.2.6/lib/active_support/dependencies.rb:291:in `require'[0m
[36m# ./spec/rails_helper.rb:4:in `<main>'[0m
[36m# /home/ec2-user/.rvm/gems/ruby-2.6.3/gems/bootsnap-1.7.5/lib/bootsnap/load_path_cache/core_ext/kernel_require.rb:23:in `require'[0m
[36m# /home/ec2-user/.rvm/gems/ruby-2.6.3/gems/bootsnap-1.7.5/lib/bootsnap/load_path_cache/core_ext/kernel_require.rb:23:in `block in require_with_bootsnap_lfi'[0m
[36m# /home/ec2-user/.rvm/gems/ruby-2.6.3/gems/bootsnap-1.7.5/lib/bootsnap/load_path_cache/loaded_features_index.rb:92:in `register'[0m
[36m# /home/ec2-user/.rvm/gems/ruby-2.6.3/gems/bootsnap-1.7.5/lib/bootsnap/load_path_cache/core_ext/kernel_require.rb:22:in `require_with_bootsnap_lfi'[0m
[36m# /home/ec2-user/.rvm/gems/ruby-2.6.3/gems/bootsnap-1.7.5/lib/bootsnap/load_path_cache/core_ext/kernel_require.rb:31:in `require'[0m
[36m# /home/ec2-user/.rvm/gems/ruby-2.6.3/gems/activesupport-5.2.6/lib/active_support/dependencies.rb:291:in `block in require'[0m
[36m# /home/ec2-user/.rvm/gems/ruby-2.6.3/gems/activesupport-5.2.6/lib/active_support/dependencies.rb:257:in `load_dependency'[0m
[36m# /home/ec2-user/.rvm/gems/ruby-2.6.3/gems/activesupport-5.2.6/lib/active_support/dependencies.rb:291:in `require'[0m
[36m# ./spec/system/02_after_login_spec.rb:1:in `<main>'[0m
[36m# /home/ec2-user/.rvm/gems/ruby-2.6.3/gems/bootsnap-1.7.5/lib/bootsnap/load_path_cache/core_ext/kernel_require.rb:59:in `load'[0m
[36m# /home/ec2-user/.rvm/gems/ruby-2.6.3/gems/bootsnap-1.7.5/lib/bootsnap/load_path_cache/core_ext/kernel_require.rb:59:in `load'[0m
[36m# /home/ec2-user/.rvm/gems/ruby-2.6.3/gems/activesupport-5.2.6/lib/active_support/dependencies.rb:285:in `block in load'[0m
[36m# /home/ec2-user/.rvm/gems/ruby-2.6.3/gems/activesupport-5.2.6/lib/active_support/dependencies.rb:257:in `load_dependency'[0m
[36m# /home/ec2-user/.rvm/gems/ruby-2.6.3/gems/activesupport-5.2.6/lib/active_support/dependencies.rb:285:in `load'[0m

An error occurred while loading ./spec/system/03_finishing_touches_spec.rb.
[31mFailure/Error: require File.expand_path('../../config/environment', __FILE__)[0m
[31m[0m
[31mSyntaxError:[0m
[31m  /home/ec2-user/environment/bookers2/config/environments/test.rb:42: syntax error, unexpected ':'[0m
[31m  ....active_support.deprecation = :[0m
[31m  ...                              ^[0m
[36m# /home/ec2-user/.rvm/gems/ruby-2.6.3/gems/bootsnap-1.7.5/lib/bootsnap/load_path_cache/core_ext/kernel_require.rb:23:in `require'[0m
[36m# /home/ec2-user/.rvm/gems/ruby-2.6.3/gems/bootsnap-1.7.5/lib/bootsnap/load_path_cache/core_ext/kernel_require.rb:23:in `block in require_with_bootsnap_lfi'[0m
[36m# /home/ec2-user/.rvm/gems/ruby-2.6.3/gems/bootsnap-1.7.5/lib/bootsnap/load_path_cache/loaded_features_index.rb:92:in `register'[0m
[36m# /home/ec2-user/.rvm/gems/ruby-2.6.3/gems/bootsnap-1.7.5/lib/bootsnap/load_path_cache/core_ext/kernel_require.rb:22:in `require_with_bootsnap_lfi'[0m
[36m# /home/ec2-user/.rvm/gems/ruby-2.6.3/gems/bootsnap-1.7.5/lib/bootsnap/load_path_cache/core_ext/kernel_require.rb:31:in `require'[0m
[36m# /home/ec2-user/.rvm/gems/ruby-2.6.3/gems/activesupport-5.2.6/lib/active_support/dependencies.rb:291:in `block in require'[0m
[36m# /home/ec2-user/.rvm/gems/ruby-2.6.3/gems/activesupport-5.2.6/lib/active_support/dependencies.rb:257:in `load_dependency'[0m
[36m# /home/ec2-user/.rvm/gems/ruby-2.6.3/gems/activesupport-5.2.6/lib/active_support/dependencies.rb:291:in `require'[0m
[36m# /home/ec2-user/.rvm/gems/ruby-2.6.3/gems/railties-5.2.6/lib/rails/engine.rb:608:in `block (2 levels) in <class:Engine>'[0m
[36m# /home/ec2-user/.rvm/gems/ruby-2.6.3/gems/railties-5.2.6/lib/rails/engine.rb:607:in `each'[0m
[36m# /home/ec2-user/.rvm/gems/ruby-2.6.3/gems/railties-5.2.6/lib/rails/engine.rb:607:in `block in <class:Engine>'[0m
[36m# /home/ec2-user/.rvm/gems/ruby-2.6.3/gems/railties-5.2.6/lib/rails/initializable.rb:32:in `instance_exec'[0m
[36m# /home/ec2-user/.rvm/gems/ruby-2.6.3/gems/railties-5.2.6/lib/rails/initializable.rb:32:in `run'[0m
[36m# /home/ec2-user/.rvm/gems/ruby-2.6.3/gems/railties-5.2.6/lib/rails/initializable.rb:61:in `block in run_initializers'[0m
[36m# /home/ec2-user/.rvm/gems/ruby-2.6.3/gems/railties-5.2.6/lib/rails/initializable.rb:50:in `each'[0m
[36m# /home/ec2-user/.rvm/gems/ruby-2.6.3/gems/railties-5.2.6/lib/rails/initializable.rb:50:in `tsort_each_child'[0m
[36m# /home/ec2-user/.rvm/gems/ruby-2.6.3/gems/railties-5.2.6/lib/rails/initializable.rb:60:in `run_initializers'[0m
[36m# /home/ec2-user/.rvm/gems/ruby-2.6.3/gems/railties-5.2.6/lib/rails/application.rb:361:in `initialize!'[0m
[36m# ./config/environment.rb:5:in `<main>'[0m
[36m# /home/ec2-user/.rvm/gems/ruby-2.6.3/gems/bootsnap-1.7.5/lib/bootsnap/load_path_cache/core_ext/kernel_require.rb:23:in `require'[0m
[36m# /home/ec2-user/.rvm/gems/ruby-2.6.3/gems/bootsnap-1.7.5/lib/bootsnap/load_path_cache/core_ext/kernel_require.rb:23:in `block in require_with_bootsnap_lfi'[0m
[36m# /home/ec2-user/.rvm/gems/ruby-2.6.3/gems/bootsnap-1.7.5/lib/bootsnap/load_path_cache/loaded_features_index.rb:92:in `register'[0m
[36m# /home/ec2-user/.rvm/gems/ruby-2.6.3/gems/bootsnap-1.7.5/lib/bootsnap/load_path_cache/core_ext/kernel_require.rb:22:in `require_with_bootsnap_lfi'[0m
[36m# /home/ec2-user/.rvm/gems/ruby-2.6.3/gems/bootsnap-1.7.5/lib/bootsnap/load_path_cache/core_ext/kernel_require.rb:31:in `require'[0m
[36m# /home/ec2-user/.rvm/gems/ruby-2.6.3/gems/activesupport-5.2.6/lib/active_support/dependencies.rb:291:in `block in require'[0m
[36m# /home/ec2-user/.rvm/gems/ruby-2.6.3/gems/activesupport-5.2.6/lib/active_support/dependencies.rb:257:in `load_dependency'[0m
[36m# /home/ec2-user/.rvm/gems/ruby-2.6.3/gems/activesupport-5.2.6/lib/active_support/dependencies.rb:291:in `require'[0m
[36m# ./spec/rails_helper.rb:4:in `<main>'[0m
[36m# /home/ec2-user/.rvm/gems/ruby-2.6.3/gems/bootsnap-1.7.5/lib/bootsnap/load_path_cache/core_ext/kernel_require.rb:23:in `require'[0m
[36m# /home/ec2-user/.rvm/gems/ruby-2.6.3/gems/bootsnap-1.7.5/lib/bootsnap/load_path_cache/core_ext/kernel_require.rb:23:in `block in require_with_bootsnap_lfi'[0m
[36m# /home/ec2-user/.rvm/gems/ruby-2.6.3/gems/bootsnap-1.7.5/lib/bootsnap/load_path_cache/loaded_features_index.rb:92:in `register'[0m
[36m# /home/ec2-user/.rvm/gems/ruby-2.6.3/gems/bootsnap-1.7.5/lib/bootsnap/load_path_cache/core_ext/kernel_require.rb:22:in `require_with_bootsnap_lfi'[0m
[36m# /home/ec2-user/.rvm/gems/ruby-2.6.3/gems/bootsnap-1.7.5/lib/bootsnap/load_path_cache/core_ext/kernel_require.rb:31:in `require'[0m
[36m# /home/ec2-user/.rvm/gems/ruby-2.6.3/gems/activesupport-5.2.6/lib/active_support/dependencies.rb:291:in `block in require'[0m
[36m# /home/ec2-user/.rvm/gems/ruby-2.6.3/gems/activesupport-5.2.6/lib/active_support/dependencies.rb:257:in `load_dependency'[0m
[36m# /home/ec2-user/.rvm/gems/ruby-2.6.3/gems/activesupport-5.2.6/lib/active_support/dependencies.rb:291:in `require'[0m
[36m# ./spec/system/03_finishing_touches_spec.rb:1:in `<main>'[0m
[36m# /home/ec2-user/.rvm/gems/ruby-2.6.3/gems/bootsnap-1.7.5/lib/bootsnap/load_path_cache/core_ext/kernel_require.rb:59:in `load'[0m
[36m# /home/ec2-user/.rvm/gems/ruby-2.6.3/gems/bootsnap-1.7.5/lib/bootsnap/load_path_cache/core_ext/kernel_require.rb:59:in `load'[0m
[36m# /home/ec2-user/.rvm/gems/ruby-2.6.3/gems/activesupport-5.2.6/lib/active_support/dependencies.rb:285:in `block in load'[0m
[36m# /home/ec2-user/.rvm/gems/ruby-2.6.3/gems/activesupport-5.2.6/lib/active_support/dependencies.rb:257:in `load_dependency'[0m
[36m# /home/ec2-user/.rvm/gems/ruby-2.6.3/gems/activesupport-5.2.6/lib/active_support/dependencies.rb:285:in `load'[0m
No examples found.

Finished in 0.00006 seconds (files took 1.51 seconds to load)
[31m0 examples, 0 failures, 5 errors occurred outside of examples[0m

